This file contains any messages produced by compilers while
running configure, to aid debugging if configure makes a mistake.

It was created by configure, which was
generated by GNU Autoconf 2.69.  Invocation command line was

  $ ./configure --enable-static=yes --enable-shared=no

## --------- ##
## Platform. ##
## --------- ##

hostname = jenny
uname -m = x86_64
uname -r = 15.6.0
uname -s = Darwin
uname -v = Darwin Kernel Version 15.6.0: Thu Jun 23 18:25:34 PDT 2016; root:xnu-3248.60.10~1/RELEASE_X86_64

/usr/bin/uname -p = i386
/bin/uname -X     = unknown

/bin/arch              = unknown
/usr/bin/arch -k       = unknown
/usr/convex/getsysinfo = unknown
/usr/bin/hostinfo      = Mach kernel version:
	 Darwin Kernel Version 15.6.0: Thu Jun 23 18:25:34 PDT 2016; root:xnu-3248.60.10~1/RELEASE_X86_64
Kernel configured for up to 8 processors.
4 processors are physically available.
8 processors are logically available.
Processor type: x86_64h (Intel x86-64h Haswell)
Processors active: 0 1 2 3 4 5 6 7
Primary memory available: 16.00 gigabytes
Default processor set: 331 tasks, 1552 threads, 8 processors
Load average: 1.87, Mach factor: 6.12
/bin/machine           = unknown
/usr/bin/oslevel       = unknown
/bin/universe          = unknown

PATH: /opt/local/bin
PATH: /opt/local/sbin
PATH: /opt/local/bin
PATH: /opt/local/sbin
PATH: /opt/local/bin
PATH: /opt/local/sbin
PATH: /opt/local/bin
PATH: /opt/local/sbin
PATH: /opt/local/bin
PATH: /opt/local/sbin
PATH: /sw/bin
PATH: /sw/sbin
PATH: /usr/local/bin
PATH: /usr/bin
PATH: /bin
PATH: /usr/sbin
PATH: /sbin
PATH: /opt/X11/bin
PATH: /Developer/Tools/Panda3D


## ----------- ##
## Core tests. ##
## ----------- ##

configure:2599: checking build system type
configure:2613: result: i386-apple-darwin15.6.0
configure:2633: checking host system type
configure:2646: result: i386-apple-darwin15.6.0
configure:2666: checking target system type
configure:2679: result: i386-apple-darwin15.6.0
configure:2722: checking for a BSD-compatible install
configure:2790: result: /opt/local/bin/ginstall -c
configure:2801: checking whether build environment is sane
configure:2838: result: yes
configure:2859: WARNING: `missing' script is too old or missing
configure:2900: checking for gawk
configure:2930: result: no
configure:2900: checking for mawk
configure:2930: result: no
configure:2900: checking for nawk
configure:2930: result: no
configure:2900: checking for awk
configure:2916: found /usr/bin/awk
configure:2927: result: awk
configure:2938: checking whether make sets $(MAKE)
configure:2960: result: yes
configure:3160: checking whether user defined C++ flags overwrite the default Cal3D ones
configure:3167: result: no
configure:3230: checking for g++
configure:3246: found /usr/bin/g++
configure:3257: result: g++
configure:3284: checking for C++ compiler version
configure:3293: g++ --version >&5
Apple LLVM version 7.3.0 (clang-703.0.29)
Target: x86_64-apple-darwin15.6.0
Thread model: posix
InstalledDir: /Applications/Xcode.app/Contents/Developer/Toolchains/XcodeDefault.xctoolchain/usr/bin
Configured with: --prefix=/Applications/Xcode.app/Contents/Developer/usr --with-gxx-include-dir=/usr/include/c++/4.2.1
configure:3304: $? = 0
configure:3293: g++ -v >&5
Configured with: --prefix=/Applications/Xcode.app/Contents/Developer/usr --with-gxx-include-dir=/usr/include/c++/4.2.1
Apple LLVM version 7.3.0 (clang-703.0.29)
Target: x86_64-apple-darwin15.6.0
Thread model: posix
InstalledDir: /Applications/Xcode.app/Contents/Developer/Toolchains/XcodeDefault.xctoolchain/usr/bin
configure:3304: $? = 0
configure:3293: g++ -V >&5
clang: error: argument to '-V' is missing (expected 1 value)
clang: error: no input files
configure:3304: $? = 1
configure:3293: g++ -qversion >&5
clang: error: unknown argument: '-qversion'
clang: error: no input files
configure:3304: $? = 1
configure:3324: checking whether the C++ compiler works
configure:3346: g++    conftest.cpp  >&5
configure:3350: $? = 0
configure:3398: result: yes
configure:3401: checking for C++ compiler default output file name
configure:3403: result: a.out
configure:3409: checking for suffix of executables
configure:3416: g++ -o conftest    conftest.cpp  >&5
configure:3420: $? = 0
configure:3442: result: 
configure:3464: checking whether we are cross compiling
configure:3472: g++ -o conftest    conftest.cpp  >&5
configure:3476: $? = 0
configure:3483: ./conftest
configure:3487: $? = 0
configure:3502: result: no
configure:3507: checking for suffix of object files
configure:3529: g++ -c   conftest.cpp >&5
configure:3533: $? = 0
configure:3554: result: o
configure:3558: checking whether we are using the GNU C++ compiler
configure:3577: g++ -c   conftest.cpp >&5
configure:3577: $? = 0
configure:3586: result: yes
configure:3595: checking whether g++ accepts -g
configure:3615: g++ -c -g  conftest.cpp >&5
configure:3615: $? = 0
configure:3656: result: yes
configure:3690: checking for style of include used by make
configure:3718: result: GNU
configure:3746: checking dependency style of g++
configure:3836: result: gcc3
configure:3978: checking for gcc
configure:3994: found /usr/bin/gcc
configure:4005: result: gcc
configure:4234: checking for C compiler version
configure:4243: gcc --version >&5
Apple LLVM version 7.3.0 (clang-703.0.29)
Target: x86_64-apple-darwin15.6.0
Thread model: posix
InstalledDir: /Applications/Xcode.app/Contents/Developer/Toolchains/XcodeDefault.xctoolchain/usr/bin
Configured with: --prefix=/Applications/Xcode.app/Contents/Developer/usr --with-gxx-include-dir=/usr/include/c++/4.2.1
configure:4254: $? = 0
configure:4243: gcc -v >&5
Configured with: --prefix=/Applications/Xcode.app/Contents/Developer/usr --with-gxx-include-dir=/usr/include/c++/4.2.1
Apple LLVM version 7.3.0 (clang-703.0.29)
Target: x86_64-apple-darwin15.6.0
Thread model: posix
InstalledDir: /Applications/Xcode.app/Contents/Developer/Toolchains/XcodeDefault.xctoolchain/usr/bin
configure:4254: $? = 0
configure:4243: gcc -V >&5
clang: error: argument to '-V' is missing (expected 1 value)
clang: error: no input files
configure:4254: $? = 1
configure:4243: gcc -qversion >&5
clang: error: unknown argument: '-qversion'
clang: error: no input files
configure:4254: $? = 1
configure:4258: checking whether we are using the GNU C compiler
configure:4277: gcc -c   conftest.c >&5
configure:4277: $? = 0
configure:4286: result: yes
configure:4295: checking whether gcc accepts -g
configure:4315: gcc -c -g  conftest.c >&5
configure:4315: $? = 0
configure:4356: result: yes
configure:4373: checking for gcc option to accept ISO C89
configure:4436: gcc  -c -g -O2  conftest.c >&5
configure:4436: $? = 0
configure:4449: result: none needed
configure:4471: checking dependency style of gcc
configure:4561: result: gcc3
configure:4578: checking for a sed that does not truncate output
configure:4632: result: /sw/bin/sed
configure:4635: checking for grep that handles long lines and -e
configure:4693: result: /usr/bin/grep
configure:4698: checking for egrep
configure:4760: result: /usr/bin/grep -E
configure:4776: checking for ld used by gcc
configure:4843: result: /Applications/Xcode.app/Contents/Developer/Toolchains/XcodeDefault.xctoolchain/usr/bin/ld
configure:4850: checking if the linker (/Applications/Xcode.app/Contents/Developer/Toolchains/XcodeDefault.xctoolchain/usr/bin/ld) is GNU ld
configure:4865: result: no
configure:4870: checking for /Applications/Xcode.app/Contents/Developer/Toolchains/XcodeDefault.xctoolchain/usr/bin/ld option to reload object files
configure:4877: result: -r
configure:4895: checking for BSD-compatible nm
configure:4944: result: /usr/bin/nm -B
configure:4948: checking whether ln -s works
configure:4952: result: yes
configure:4959: checking how to recognise dependent libraries
configure:5135: result: pass_all
configure:5622: checking how to run the C preprocessor
configure:5653: gcc -E  conftest.c
configure:5653: $? = 0
configure:5667: gcc -E  conftest.c
conftest.c:11:10: fatal error: 'ac_nonexistent.h' file not found
#include <ac_nonexistent.h>
         ^
1 error generated.
configure:5667: $? = 1
configure: failed program was:
| /* confdefs.h */
| #define PACKAGE_NAME ""
| #define PACKAGE_TARNAME ""
| #define PACKAGE_VERSION ""
| #define PACKAGE_STRING ""
| #define PACKAGE_BUGREPORT ""
| #define PACKAGE_URL ""
| #define PACKAGE "cal3d"
| #define VERSION "0.11.0"
| /* end confdefs.h.  */
| #include <ac_nonexistent.h>
configure:5692: result: gcc -E
configure:5712: gcc -E  conftest.c
configure:5712: $? = 0
configure:5726: gcc -E  conftest.c
conftest.c:11:10: fatal error: 'ac_nonexistent.h' file not found
#include <ac_nonexistent.h>
         ^
1 error generated.
configure:5726: $? = 1
configure: failed program was:
| /* confdefs.h */
| #define PACKAGE_NAME ""
| #define PACKAGE_TARNAME ""
| #define PACKAGE_VERSION ""
| #define PACKAGE_STRING ""
| #define PACKAGE_BUGREPORT ""
| #define PACKAGE_URL ""
| #define PACKAGE "cal3d"
| #define VERSION "0.11.0"
| /* end confdefs.h.  */
| #include <ac_nonexistent.h>
configure:5755: checking for ANSI C header files
configure:5775: gcc -c -g -O2  conftest.c >&5
configure:5775: $? = 0
configure:5848: gcc -o conftest -g -O2   conftest.c  >&5
configure:5848: $? = 0
configure:5848: ./conftest
configure:5848: $? = 0
configure:5859: result: yes
configure:5872: checking for sys/types.h
configure:5872: gcc -c -g -O2  conftest.c >&5
configure:5872: $? = 0
configure:5872: result: yes
configure:5872: checking for sys/stat.h
configure:5872: gcc -c -g -O2  conftest.c >&5
configure:5872: $? = 0
configure:5872: result: yes
configure:5872: checking for stdlib.h
configure:5872: gcc -c -g -O2  conftest.c >&5
configure:5872: $? = 0
configure:5872: result: yes
configure:5872: checking for string.h
configure:5872: gcc -c -g -O2  conftest.c >&5
configure:5872: $? = 0
configure:5872: result: yes
configure:5872: checking for memory.h
configure:5872: gcc -c -g -O2  conftest.c >&5
configure:5872: $? = 0
configure:5872: result: yes
configure:5872: checking for strings.h
configure:5872: gcc -c -g -O2  conftest.c >&5
configure:5872: $? = 0
configure:5872: result: yes
configure:5872: checking for inttypes.h
configure:5872: gcc -c -g -O2  conftest.c >&5
configure:5872: $? = 0
configure:5872: result: yes
configure:5872: checking for stdint.h
configure:5872: gcc -c -g -O2  conftest.c >&5
configure:5872: $? = 0
configure:5872: result: yes
configure:5872: checking for unistd.h
configure:5872: gcc -c -g -O2  conftest.c >&5
configure:5872: $? = 0
configure:5872: result: yes
configure:5886: checking dlfcn.h usability
configure:5886: gcc -c -g -O2  conftest.c >&5
configure:5886: $? = 0
configure:5886: result: yes
configure:5886: checking dlfcn.h presence
configure:5886: gcc -E  conftest.c
configure:5886: $? = 0
configure:5886: result: yes
configure:5886: checking for dlfcn.h
configure:5886: result: yes
configure:5906: checking how to run the C++ preprocessor
configure:5933: g++ -E  conftest.cpp
configure:5933: $? = 0
configure:5947: g++ -E  conftest.cpp
conftest.cpp:22:10: fatal error: 'ac_nonexistent.h' file not found
#include <ac_nonexistent.h>
         ^
1 error generated.
configure:5947: $? = 1
configure: failed program was:
| /* confdefs.h */
| #define PACKAGE_NAME ""
| #define PACKAGE_TARNAME ""
| #define PACKAGE_VERSION ""
| #define PACKAGE_STRING ""
| #define PACKAGE_BUGREPORT ""
| #define PACKAGE_URL ""
| #define PACKAGE "cal3d"
| #define VERSION "0.11.0"
| #define STDC_HEADERS 1
| #define HAVE_SYS_TYPES_H 1
| #define HAVE_SYS_STAT_H 1
| #define HAVE_STDLIB_H 1
| #define HAVE_STRING_H 1
| #define HAVE_MEMORY_H 1
| #define HAVE_STRINGS_H 1
| #define HAVE_INTTYPES_H 1
| #define HAVE_STDINT_H 1
| #define HAVE_UNISTD_H 1
| #define HAVE_DLFCN_H 1
| /* end confdefs.h.  */
| #include <ac_nonexistent.h>
configure:5972: result: g++ -E
configure:5992: g++ -E  conftest.cpp
configure:5992: $? = 0
configure:6006: g++ -E  conftest.cpp
conftest.cpp:22:10: fatal error: 'ac_nonexistent.h' file not found
#include <ac_nonexistent.h>
         ^
1 error generated.
configure:6006: $? = 1
configure: failed program was:
| /* confdefs.h */
| #define PACKAGE_NAME ""
| #define PACKAGE_TARNAME ""
| #define PACKAGE_VERSION ""
| #define PACKAGE_STRING ""
| #define PACKAGE_BUGREPORT ""
| #define PACKAGE_URL ""
| #define PACKAGE "cal3d"
| #define VERSION "0.11.0"
| #define STDC_HEADERS 1
| #define HAVE_SYS_TYPES_H 1
| #define HAVE_SYS_STAT_H 1
| #define HAVE_STDLIB_H 1
| #define HAVE_STRING_H 1
| #define HAVE_MEMORY_H 1
| #define HAVE_STRINGS_H 1
| #define HAVE_INTTYPES_H 1
| #define HAVE_STDINT_H 1
| #define HAVE_UNISTD_H 1
| #define HAVE_DLFCN_H 1
| /* end confdefs.h.  */
| #include <ac_nonexistent.h>
configure:6090: checking for g77
configure:6120: result: no
configure:6090: checking for xlf
configure:6120: result: no
configure:6090: checking for f77
configure:6120: result: no
configure:6090: checking for frt
configure:6120: result: no
configure:6090: checking for pgf77
configure:6120: result: no
configure:6090: checking for cf77
configure:6120: result: no
configure:6090: checking for fort77
configure:6120: result: no
configure:6090: checking for fl32
configure:6120: result: no
configure:6090: checking for af77
configure:6120: result: no
configure:6090: checking for xlf90
configure:6120: result: no
configure:6090: checking for f90
configure:6120: result: no
configure:6090: checking for pgf90
configure:6120: result: no
configure:6090: checking for pghpf
configure:6120: result: no
configure:6090: checking for epcf90
configure:6120: result: no
configure:6090: checking for gfortran
configure:6120: result: no
configure:6090: checking for g95
configure:6120: result: no
configure:6090: checking for xlf95
configure:6120: result: no
configure:6090: checking for f95
configure:6120: result: no
configure:6090: checking for fort
configure:6120: result: no
configure:6090: checking for ifort
configure:6120: result: no
configure:6090: checking for ifc
configure:6120: result: no
configure:6090: checking for efc
configure:6120: result: no
configure:6090: checking for pgfortran
configure:6120: result: no
configure:6090: checking for pgf95
configure:6120: result: no
configure:6090: checking for lf95
configure:6120: result: no
configure:6090: checking for ftn
configure:6120: result: no
configure:6090: checking for nagfor
configure:6120: result: no
configure:6143: checking for Fortran 77 compiler version
configure:6152:  --version >&5
./configure: line 6154: --version: command not found
configure:6163: $? = 127
configure:6152:  -v >&5
./configure: line 6154: -v: command not found
configure:6163: $? = 127
configure:6152:  -V >&5
./configure: line 6154: -V: command not found
configure:6163: $? = 127
configure:6152:  -qversion >&5
./configure: line 6154: -qversion: command not found
configure:6163: $? = 127
configure:6172: checking whether we are using the GNU Fortran 77 compiler
configure:6185:  -c  conftest.F >&5
./configure: line 2141: -c: command not found
configure:6185: $? = 127
configure: failed program was:
|       program main
| #ifndef __GNUC__
|        choke me
| #endif
| 
|       end
configure:6194: result: no
configure:6200: checking whether  accepts -g
configure:6211:  -c -g conftest.f >&5
./configure: line 2141: -c: command not found
configure:6211: $? = 127
configure: failed program was:
|       program main
| 
|       end
configure:6219: result: no
configure:6253: checking the maximum length of command line arguments
configure:6362: result: 196608
configure:6373: checking command to parse /usr/bin/nm -B output from gcc object
configure:6478: gcc -c -g -O2  conftest.c >&5
configure:6481: $? = 0
configure:6485: /usr/bin/nm -B conftest.o \| sed -n -e 's/^.*[ 	]\([BCDEGRST][BCDEGRST]*\)[ 	][ 	]*\([_A-Za-z][_A-Za-z0-9]*\)$/\1 \2 \2/p' \> conftest.nm
configure:6488: $? = 0
cannot find nm_test_var in conftest.nm
configure:6478: gcc -c -g -O2  conftest.c >&5
configure:6481: $? = 0
configure:6485: /usr/bin/nm -B conftest.o \| sed -n -e 's/^.*[ 	]\([BCDEGRST][BCDEGRST]*\)[ 	][ 	]*_\([_A-Za-z][_A-Za-z0-9]*\)$/\1 _\2 \2/p' \> conftest.nm
configure:6488: $? = 0
configure:6540: gcc -o conftest -g -O2   conftest.c conftstm.o >&5
warning: (x86_64)  could not find object file symbol for symbol _main
configure:6543: $? = 0
configure:6581: result: ok
configure:6585: checking for objdir
configure:6600: result: .libs
configure:6692: checking for ar
configure:6708: found /opt/local/bin/ar
configure:6719: result: ar
configure:6784: checking for ranlib
configure:6800: found /opt/local/bin/ranlib
configure:6811: result: ranlib
configure:6876: checking for strip
configure:6892: found /opt/local/bin/strip
configure:6903: result: strip
configure:7185: checking if gcc supports -fno-rtti -fno-exceptions
configure:7203: gcc -c -g -O2  -fno-rtti -fno-exceptions conftest.c >&5
configure:7207: $? = 0
configure:7220: result: yes
configure:7235: checking for gcc option to produce PIC
configure:7445: result: -fno-common
configure:7453: checking if gcc PIC flag -fno-common works
configure:7471: gcc -c -g -O2  -fno-common -DPIC conftest.c >&5
configure:7475: $? = 0
configure:7488: result: yes
configure:7516: checking if gcc static flag -static works
configure:7544: result: no
configure:7554: checking if gcc supports -c -o file.o
configure:7575: gcc -c -g -O2  -o out/conftest2.o conftest.c >&5
configure:7579: $? = 0
configure:7601: result: yes
configure:7627: checking whether the gcc linker (/Applications/Xcode.app/Contents/Developer/Toolchains/XcodeDefault.xctoolchain/usr/bin/ld) supports shared libraries
configure:8528: result: yes
configure:8595: checking dynamic linker characteristics
configure:9171: result: darwin15.6.0 dyld
configure:9180: checking how to hardcode library paths into programs
configure:9205: result: immediate
configure:9219: checking whether stripping libraries is possible
configure:9232: result: yes
configure:9740: checking if libtool supports shared libraries
configure:9742: result: yes
configure:9745: checking whether to build shared libraries
configure:9766: result: no
configure:9769: checking whether to build static libraries
configure:9773: result: yes
configure:9865: creating libtool
configure:10449: checking for ld used by g++
configure:10516: result: /Applications/Xcode.app/Contents/Developer/Toolchains/XcodeDefault.xctoolchain/usr/bin/ld
configure:10523: checking if the linker (/Applications/Xcode.app/Contents/Developer/Toolchains/XcodeDefault.xctoolchain/usr/bin/ld) is GNU ld
configure:10538: result: no
configure:10589: checking whether the g++ linker (/Applications/Xcode.app/Contents/Developer/Toolchains/XcodeDefault.xctoolchain/usr/bin/ld) supports shared libraries
configure:11469: result: yes
configure:11487: g++ -c -g -O2  conftest.cpp >&5
configure:11490: $? = 0
configure:11609: checking for g++ option to produce PIC
configure:11883: result: -fno-common
configure:11891: checking if g++ PIC flag -fno-common works
configure:11909: g++ -c -g -O2  -fno-common -DPIC conftest.cpp >&5
configure:11913: $? = 0
configure:11926: result: yes
configure:11954: checking if g++ static flag -static works
configure:11982: result: no
configure:11992: checking if g++ supports -c -o file.o
configure:12013: g++ -c -g -O2  -o out/conftest2.o conftest.cpp >&5
configure:12017: $? = 0
configure:12039: result: yes
configure:12065: checking whether the g++ linker (/Applications/Xcode.app/Contents/Developer/Toolchains/XcodeDefault.xctoolchain/usr/bin/ld) supports shared libraries
configure:12093: result: yes
configure:12160: checking dynamic linker characteristics
configure:12736: result: darwin15.6.0 dyld
configure:12745: checking how to hardcode library paths into programs
configure:12770: result: immediate
configure:18789: checking for doxygen
configure:18805: found /sw/bin/doxygen
configure:18817: result: true
configure:18832: checking for db2html
configure:18860: result: false
configure:18869: WARNING: cannot find db2html, unable to generate Cal3D User's Guide!
configure:18875: checking for blender
configure:18908: result: no
configure:18915: checking for valgrind
configure:18948: result: no
configure:18958: checking whether to build Cal3D in debug mode
configure:18975: result: no
configure:19020: checking whether g++ supports -fno-rtti
configure:19038: result: yes
configure:19191: creating ./config.status

## ---------------------- ##
## Running config.status. ##
## ---------------------- ##

This file was extended by config.status, which was
generated by GNU Autoconf 2.69.  Invocation command line was

  CONFIG_FILES    = 
  CONFIG_HEADERS  = 
  CONFIG_LINKS    = 
  CONFIG_COMMANDS = 
  $ ./config.status 

on jenny

config.status:888: creating Makefile
config.status:888: creating src/Makefile
config.status:888: creating src/cal3d/Makefile
config.status:888: creating docs/Makefile
config.status:888: creating docs/api/Makefile
config.status:888: creating docs/shared/Makefile
config.status:888: creating tests/Makefile
config.status:888: creating tests/run
config.status:888: creating cal3d.pc
config.status:888: creating src/cal3d_converter.1
config.status:888: creating fileformats.txt
config.status:888: creating config.h
config.status:1063: config.h is unchanged
config.status:1110: executing depfiles commands

## ---------------- ##
## Cache variables. ##
## ---------------- ##

ac_cv_build=i386-apple-darwin15.6.0
ac_cv_c_compiler_gnu=yes
ac_cv_cxx_compiler_gnu=yes
ac_cv_env_CCC_set=
ac_cv_env_CCC_value=
ac_cv_env_CC_set=
ac_cv_env_CC_value=
ac_cv_env_CFLAGS_set=
ac_cv_env_CFLAGS_value=
ac_cv_env_CPPFLAGS_set=
ac_cv_env_CPPFLAGS_value=
ac_cv_env_CPP_set=
ac_cv_env_CPP_value=
ac_cv_env_CXXCPP_set=
ac_cv_env_CXXCPP_value=
ac_cv_env_CXXFLAGS_set=
ac_cv_env_CXXFLAGS_value=
ac_cv_env_CXX_set=
ac_cv_env_CXX_value=
ac_cv_env_F77_set=
ac_cv_env_F77_value=
ac_cv_env_FFLAGS_set=
ac_cv_env_FFLAGS_value=
ac_cv_env_LDFLAGS_set=
ac_cv_env_LDFLAGS_value=
ac_cv_env_LIBS_set=
ac_cv_env_LIBS_value=
ac_cv_env_build_alias_set=
ac_cv_env_build_alias_value=
ac_cv_env_host_alias_set=
ac_cv_env_host_alias_value=
ac_cv_env_target_alias_set=
ac_cv_env_target_alias_value=
ac_cv_f77_compiler_gnu=no
ac_cv_header_dlfcn_h=yes
ac_cv_header_inttypes_h=yes
ac_cv_header_memory_h=yes
ac_cv_header_stdc=yes
ac_cv_header_stdint_h=yes
ac_cv_header_stdlib_h=yes
ac_cv_header_string_h=yes
ac_cv_header_strings_h=yes
ac_cv_header_sys_stat_h=yes
ac_cv_header_sys_types_h=yes
ac_cv_header_unistd_h=yes
ac_cv_host=i386-apple-darwin15.6.0
ac_cv_objext=o
ac_cv_path_EGREP='/usr/bin/grep -E'
ac_cv_path_GREP=/usr/bin/grep
ac_cv_path_INTLTOOL_PERL=/usr/bin/perl
ac_cv_path_install='/opt/local/bin/ginstall -c'
ac_cv_prog_AWK=awk
ac_cv_prog_CPP='gcc -E'
ac_cv_prog_CXXCPP='g++ -E'
ac_cv_prog_DB2HTML=false
ac_cv_prog_DOXYGEN=true
ac_cv_prog_ac_ct_AR=ar
ac_cv_prog_ac_ct_CC=gcc
ac_cv_prog_ac_ct_CXX=g++
ac_cv_prog_ac_ct_RANLIB=ranlib
ac_cv_prog_ac_ct_STRIP=strip
ac_cv_prog_cc_c89=
ac_cv_prog_cc_g=yes
ac_cv_prog_cxx_g=yes
ac_cv_prog_f77_g=no
ac_cv_prog_make_make_set=yes
ac_cv_target=i386-apple-darwin15.6.0
am_cv_CC_dependencies_compiler_type=gcc3
am_cv_CXX_dependencies_compiler_type=gcc3
cal3d_cv_prog_cxx_fno_rtti=yes
lt_cv_deplibs_check_method=pass_all
lt_cv_file_magic_cmd='$MAGIC_CMD'
lt_cv_file_magic_test_file=
lt_cv_ld_reload_flag=-r
lt_cv_objdir=.libs
lt_cv_path_LD=/Applications/Xcode.app/Contents/Developer/Toolchains/XcodeDefault.xctoolchain/usr/bin/ld
lt_cv_path_LDCXX=/Applications/Xcode.app/Contents/Developer/Toolchains/XcodeDefault.xctoolchain/usr/bin/ld
lt_cv_path_NM='/usr/bin/nm -B'
lt_cv_path_SED=/sw/bin/sed
lt_cv_prog_compiler_c_o=yes
lt_cv_prog_compiler_c_o_CXX=yes
lt_cv_prog_compiler_rtti_exceptions=yes
lt_cv_prog_gnu_ld=no
lt_cv_prog_gnu_ldcxx=no
lt_cv_sys_global_symbol_pipe='sed -n -e '\''s/^.*[ 	]\([BCDEGRST][BCDEGRST]*\)[ 	][ 	]*_\([_A-Za-z][_A-Za-z0-9]*\)$/\1 _\2 \2/p'\'''
lt_cv_sys_global_symbol_to_c_name_address='sed -n -e '\''s/^: \([^ ]*\) $/  {\"\1\", (lt_ptr) 0},/p'\'' -e '\''s/^[BCDEGRST] \([^ ]*\) \([^ ]*\)$/  {"\2", (lt_ptr) \&\2},/p'\'''
lt_cv_sys_global_symbol_to_cdecl='sed -n -e '\''s/^. .* \(.*\)$/extern int \1;/p'\'''
lt_cv_sys_max_cmd_len=196608
lt_lt_cv_prog_compiler_c_o='"yes"'
lt_lt_cv_prog_compiler_c_o_CXX='"yes"'
lt_lt_cv_sys_global_symbol_pipe='"sed -n -e '\''s/^.*[ 	]\\([BCDEGRST][BCDEGRST]*\\)[ 	][ 	]*_\\([_A-Za-z][_A-Za-z0-9]*\\)\$/\\1 _\\2 \\2/p'\''"'
lt_lt_cv_sys_global_symbol_to_c_name_address='"sed -n -e '\''s/^: \\([^ ]*\\) \$/  {\\\"\\1\\\", (lt_ptr) 0},/p'\'' -e '\''s/^[BCDEGRST] \\([^ ]*\\) \\([^ ]*\\)\$/  {\"\\2\", (lt_ptr) \\&\\2},/p'\''"'
lt_lt_cv_sys_global_symbol_to_cdecl='"sed -n -e '\''s/^. .* \\(.*\\)\$/extern int \\1;/p'\''"'

## ----------------- ##
## Output variables. ##
## ----------------- ##

ACLOCAL='aclocal-1.9'
AMDEPBACKSLASH='\'
AMDEP_FALSE='#'
AMDEP_TRUE=''
AMTAR='tar'
AR='ar'
AS='as'
AUTOCONF='autoconf'
AUTOHEADER='autoheader'
AUTOMAKE='automake-1.9'
AWK='awk'
BLENDER=''
CAL_INDICES_SIZE=''
CC='gcc'
CCDEPMODE='depmode=gcc3'
CFLAGS='-g -O2'
CPP='gcc -E'
CPPFLAGS=' -I${top_srcdir}/src'
CXX='g++'
CXXCPP='g++ -E'
CXXDEPMODE='depmode=gcc3'
CXXFLAGS='-O2 -fno-rtti'
CYGPATH_W='echo'
DB2HTML='false'
DEFS='-DHAVE_CONFIG_H'
DEPDIR='.deps'
DLLTOOL='dlltool'
DOXYGEN='true'
ECHO='/bin/echo'
ECHO_C='\c'
ECHO_N=''
ECHO_T=''
EGREP='/usr/bin/grep -E'
EXEEXT=''
F77=''
FFLAGS=''
GREP='/usr/bin/grep'
INSTALL_DATA='${INSTALL} -m 644'
INSTALL_PROGRAM='${INSTALL}'
INSTALL_SCRIPT='${INSTALL}'
INSTALL_STRIP_PROGRAM='${SHELL} $(install_sh) -c -s'
LDFLAGS=''
LIBOBJS=''
LIBS=''
LIBTOOL='$(SHELL) $(top_builddir)/libtool'
LN_S='ln -s'
LTLIBOBJS=''
MAKEINFO='makeinfo'
OBJDUMP='objdump'
OBJEXT='o'
PACKAGE='cal3d'
PACKAGE_BUGREPORT=''
PACKAGE_NAME=''
PACKAGE_STRING=''
PACKAGE_TARNAME=''
PACKAGE_URL=''
PACKAGE_VERSION=''
PATH_SEPARATOR=':'
RANLIB='ranlib'
SET_MAKE=''
SHELL='/bin/sh'
STRIP='strip'
VALGRIND=''
VERSION='0.11.0'
ac_ct_CC='gcc'
ac_ct_CXX='g++'
ac_ct_F77=''
am__fastdepCC_FALSE='#'
am__fastdepCC_TRUE=''
am__fastdepCXX_FALSE='#'
am__fastdepCXX_TRUE=''
am__include='include'
am__leading_dot='.'
am__quote=''
am__tar='${AMTAR} chof - "$$tardir"'
am__untar='${AMTAR} xf -'
bindir='${exec_prefix}/bin'
build='i386-apple-darwin15.6.0'
build_alias=''
build_cpu='i386'
build_os='darwin15.6.0'
build_vendor='apple'
datadir='${datarootdir}'
datarootdir='${prefix}/share'
docdir='${datarootdir}/doc/${PACKAGE}'
dvidir='${docdir}'
exec_prefix='${prefix}'
host='i386-apple-darwin15.6.0'
host_alias=''
host_cpu='i386'
host_os='darwin15.6.0'
host_vendor='apple'
htmldir='${docdir}'
includedir='${prefix}/include'
infodir='${datarootdir}/info'
install_sh='/Users/samr/OneDrive - Texas Wesleyan University/CrowdSim/src_v2/cal3d-0.11.0/install-sh'
libdir='${exec_prefix}/lib'
libexecdir='${exec_prefix}/libexec'
localedir='${datarootdir}/locale'
localstatedir='${prefix}/var'
mandir='${datarootdir}/man'
mkdir_p='$(install_sh) -d'
oldincludedir='/usr/include'
pdfdir='${docdir}'
prefix='/usr/local'
program_transform_name='s,x,x,'
psdir='${docdir}'
sbindir='${exec_prefix}/sbin'
sharedstatedir='${prefix}/com'
sysconfdir='${prefix}/etc'
target='i386-apple-darwin15.6.0'
target_alias=''
target_cpu='i386'
target_os='darwin15.6.0'
target_vendor='apple'

## ----------- ##
## confdefs.h. ##
## ----------- ##

/* confdefs.h */
#define PACKAGE_NAME ""
#define PACKAGE_TARNAME ""
#define PACKAGE_VERSION ""
#define PACKAGE_STRING ""
#define PACKAGE_BUGREPORT ""
#define PACKAGE_URL ""
#define PACKAGE "cal3d"
#define VERSION "0.11.0"
#define STDC_HEADERS 1
#define HAVE_SYS_TYPES_H 1
#define HAVE_SYS_STAT_H 1
#define HAVE_STDLIB_H 1
#define HAVE_STRING_H 1
#define HAVE_MEMORY_H 1
#define HAVE_STRINGS_H 1
#define HAVE_INTTYPES_H 1
#define HAVE_STDINT_H 1
#define HAVE_UNISTD_H 1
#define HAVE_DLFCN_H 1

configure: exit 0
